<?xml version="1.0" encoding="UTF-8"?>
<!-- Generated by org.testng.reporters.JUnitXMLReporter -->
<testsuite hostname="RafaelSilva-HP" tests="4" failures="0" timestamp="28 Oct 2016 08:54:19 GMT" time="0.152" errors="0">
  <testcase name="testAdd on testAdd(CalculatorTest)" time="0.013" classname="CalculatorTest"/>
  <testcase name="testSubtract on testSubtract(CalculatorTest)" time="0.007" classname="CalculatorTest"/>
  <testcase name="testDivide on testDivide(CalculatorTest)" time="0.005" classname="CalculatorTest"/>
  <testcase name="testMultiply on testMultiply(CalculatorTest)" time="0.005" classname="CalculatorTest"/>
</testsuite>
