<?xml version="1.0" encoding="UTF-8"?>
<!-- Generated by org.testng.reporters.JUnitXMLReporter -->
<testsuite hostname="RafaelSilva-HP" tests="7" failures="0" timestamp="28 Oct 2016 13:16:54 GMT" time="0.781" errors="0">
  <testcase name="testAdd on testAdd(CalculatorTest)" time="0.321" classname="CalculatorTest"/>
  <testcase name="testSubtract on testSubtract(CalculatorTest)" time="0.002" classname="CalculatorTest"/>
  <testcase name="testAdd2 on testAdd2(CalculatorTest)" time="0.09" classname="CalculatorTest"/>
  <testcase name="testAdd3 on testAdd3(CalculatorTest)" time="0.138" classname="CalculatorTest"/>
  <testcase name="testAdd4 on testAdd4(CalculatorTest)" time="0.088" classname="CalculatorTest"/>
  <testcase name="testDivide on testDivide(CalculatorTest)" time="0.001" classname="CalculatorTest"/>
  <testcase name="testMultiply on testMultiply(CalculatorTest)" time="0.001" classname="CalculatorTest"/>
</testsuite>
