<?xml version="1.0" encoding="UTF-8"?>
<testng-results skipped="0" failed="0" total="4" passed="4">
  <reporter-output>
  </reporter-output>
  <suite name="Surefire suite" duration-ms="152" started-at="2016-10-28T08:54:19Z" finished-at="2016-10-28T08:54:19Z">
    <groups>
    </groups>
    <test name="Surefire test" duration-ms="152" started-at="2016-10-28T08:54:19Z" finished-at="2016-10-28T08:54:19Z">
      <class name="CalculatorTest">
        <test-method status="PASS" signature="testAdd()[pri:0, instance:testAdd(CalculatorTest)]" name="testAdd" duration-ms="13" started-at="2016-10-28T10:54:19Z" finished-at="2016-10-28T10:54:19Z">
          <reporter-output>
          </reporter-output>
        </test-method> <!-- testAdd -->
        <test-method status="PASS" signature="testSubtract()[pri:0, instance:testSubtract(CalculatorTest)]" name="testSubtract" duration-ms="7" started-at="2016-10-28T10:54:19Z" finished-at="2016-10-28T10:54:19Z">
          <reporter-output>
          </reporter-output>
        </test-method> <!-- testSubtract -->
        <test-method status="PASS" signature="testDivide()[pri:0, instance:testDivide(CalculatorTest)]" name="testDivide" duration-ms="5" started-at="2016-10-28T10:54:19Z" finished-at="2016-10-28T10:54:19Z">
          <reporter-output>
          </reporter-output>
        </test-method> <!-- testDivide -->
        <test-method status="PASS" signature="testMultiply()[pri:0, instance:testMultiply(CalculatorTest)]" name="testMultiply" duration-ms="5" started-at="2016-10-28T10:54:19Z" finished-at="2016-10-28T10:54:19Z">
          <reporter-output>
          </reporter-output>
        </test-method> <!-- testMultiply -->
      </class> <!-- CalculatorTest -->
    </test> <!-- Surefire test -->
  </suite> <!-- Surefire suite -->
</testng-results>
